  - index: wineventlog
    sourcetype: WinEventLog
    source: WinEventLog:Security
    host: ACME-DC01
    _raw: "04/01/2022 02:10:02 PM\nLogName=Security\nEventCode=4946\nEventType=0\n\
      ComputerName=acme-dc01.acme.local\nSourceName=Microsoft Windows security\
      \ auditing.\nType=Information\nRecordNumber=4090329\nKeywords=Audit Success\n\
      TaskCategory=MPSSVC Rule-Level Policy Change\nOpCode=Info\nMessage=A change\
      \ was made to the Windows Firewall exception list. A rule was added.\r\n\t\r\
      \nProfile Changed:\tAll\r\n\r\nAdded Rule:\r\n\tRule ID:\t{7EFEB751-A325-417C-89FE-5F3EF542128F}\r\
      \n\tRule Name:\tUsermode Font Driver Host"
  - index: wineventlog
    sourcetype: WinEventLog
    source: WinEventLog:Security
    host: ACME-DC01
    _raw: "04/01/2022 02:10:02 PM\nLogName=Security\nEventCode=4948\nEventType=0\n\
      ComputerName=acme-dc01.acme.local\nSourceName=Microsoft Windows security\
      \ auditing.\nType=Information\nRecordNumber=4090327\nKeywords=Audit Success\n\
      TaskCategory=MPSSVC Rule-Level Policy Change\nOpCode=Info\nMessage=A change\
      \ was made to the Windows Firewall exception list. A rule was deleted.\r\n\t\
      \r\nProfile Changed:\tAll\r\n\r\nDeleted Rule:\r\n\tRule ID:\t{75CF7BBE-5ACA-4C64-93DA-07067256AF7F}\r\
      \n\tRule Name:\tUsermode Font Driver Host"
  - index: wineventlog
    sourcetype: WinEventLog
    source: WinEventLog:DNS Server
    host: ACME-DC01
    _raw: '04/01/2022 02:08:23 PM

      LogName=DNS Server

      EventCode=5504

      EventType=4

      ComputerName=acme-dc01.acme.local

      User=NOT_TRANSLATED

      Sid=S-1-5-18

      SidType=0

      SourceName=Microsoft-Windows-DNS-Server-Service

      Type=Information

      RecordNumber=403

      Keywords=None

      TaskCategory=None

      OpCode=Info

      Message=The DNS server encountered an invalid domain name in a packet from 193.0.9.6.
      The packet will be rejected. The event data contains the DNS packet.'
  - index: wineventlog
    sourcetype: WinEventLog
    source: WinEventLog:System
    host: ACME-DC02
    _raw: '04/01/2022 02:08:15 PM

      LogName=System

      EventCode=10010

      EventType=2

      ComputerName=acme-dc02.acme.local

      User=NOT_TRANSLATED

      Sid=S-1-5-21-1777140705-3702755976-711469205-1112

      SidType=0

      SourceName=Microsoft-Windows-DistributedCOM

      Type=Error

      RecordNumber=97720

      Keywords=Classic

      TaskCategory=None

      OpCode=Info

      Message=The server {3EEF301F-B596-4C0B-BD92-013BEAFCE793} did not register with
      DCOM within the required timeout.'
  - index: wineventlog
    sourcetype: WinEventLog
    source: WinEventLog:System
    host: ACME-DC02
    _raw: '04/01/2022 02:07:58 PM

      LogName=System

      EventCode=1014

      EventType=3

      ComputerName=acme-dc02.acme.local

      User=NOT_TRANSLATED

      Sid=S-1-5-20

      SidType=0

      SourceName=Microsoft-Windows-DNS Client Events

      Type=Warning

      RecordNumber=97717

      Keywords=None

      TaskCategory=1014

      OpCode=Info

      Message=Name resolution for the name 217.127.27.194.IN-ADDR.ARPA timed out after
      none of the configured DNS servers responded.'
  - index: wineventlog
    sourcetype: WinEventLog
    source: WinEventLog:Directory Service
    host: ACME-DC01
    _raw: '04/01/2022 02:06:05 PM

      LogName=Directory Service

      EventCode=701

      EventType=4

      ComputerName=acme-dc01.acme.local

      SourceName=NTDS ISAM

      Type=Information

      RecordNumber=5689

      Keywords=Classic

      TaskCategory=Performance

      OpCode=Info

      Message=NTDS (800,D,0) NTDSA: Online defragmentation has completed a full pass
      on database ''C:\Windows\NTDS\ntds.dit'', freeing 1 pages. This pass started
      on 4/1/2022 and ran for a total of 0 seconds, requiring 1 invocations over 1
      days. Since the database was created it has been fully defragmented 102 times.'
  - index: wineventlog
    sourcetype: WinEventLog
    source: WinEventLog:Directory Service
    host: ACME-DC01
    _raw: '04/01/2022 02:06:05 PM

      LogName=Directory Service

      EventCode=700

      EventType=4

      ComputerName=acme-dc01.acme.local

      SourceName=NTDS ISAM

      Type=Information

      RecordNumber=5688

      Keywords=Classic

      TaskCategory=Performance

      OpCode=Info

      Message=NTDS (800,D,0) NTDSA: Online defragmentation is beginning a full pass
      on database ''C:\Windows\NTDS\ntds.dit''.'
  - index: wineventlog
    sourcetype: WinEventLog
    source: WinEventLog:System
    host: ACME-DC01
    _raw: "04/01/2022 02:05:49 PM\nLogName=System\nEventCode=6148\nEventType=4\nComputerName=acme-dc01.acme.local\n\
      User=NOT_TRANSLATED\nSid=S-1-5-18\nSidType=0\nSourceName=Microsoft-Windows-LSA\n\
      Type=Information\nRecordNumber=98337\nKeywords=None\nTaskCategory=None\nOpCode=Info\n\
      Message=The PDC completed an automatic trust scan operation for all trusts with\
      \ no errors.\r\n\r\nMore information can be found at https://go.microsoft.com/fwlink/?linkid=2162089."
  - index: wineventlog
    sourcetype: WinEventLog
    source: WinEventLog:Security
    host: ACME-DC02
    _raw: "04/01/2022 01:55:46 PM\nLogName=Security\nEventCode=4957\nEventType=0\n\
      ComputerName=acme-dc02.acme.local\nSourceName=Microsoft Windows security\
      \ auditing.\nType=Information\nRecordNumber=4266307\nKeywords=Audit Failure\n\
      TaskCategory=MPSSVC Rule-Level Policy Change\nOpCode=Info\nMessage=Windows Firewall\
      \ did not apply the following rule:\r\n\r\nRule Information:\r\n\tID:\tMicrosoft.Win32WebViewHost_cw5n1h2txyewy_S-1-5-21-1777140705-3702755976-711469205-1112_Out_notRemoteName_Cellular\r\
      \n\tName:\tMicrosoft.Win32WebViewHost_cw5n1h2txyewy_S-1-5-21-1777140705-3702755976-711469205-1112_Out_notRemoteName_Cellular\r\
      \n\r\nError Information:\r\n\tReason:\tInterfaces resolved to an empty set."
  - index: wineventlog
    sourcetype: WinEventLog
    source: WinEventLog:Security
    host: ACME-DC02
    _raw: "04/01/2022 01:54:45 PM\nLogName=Security\nEventCode=4911\nEventType=0\n\
      ComputerName=acme-dc02.acme.local\nSourceName=Microsoft Windows security\
      \ auditing.\nType=Information\nRecordNumber=4266074\nKeywords=Audit Success\n\
      TaskCategory=Authorization Policy Change\nOpCode=Info\nMessage=Resource attributes\
      \ of the object were changed.\r\n\r\nSubject:\r\n\tSecurity ID:\t\tSTSHIRTCO\\\
      rzombie\r\n\tAccount Name:\t\trzombie\r\n\tAccount Domain:\t\tSTSHIRTCO\r\n\t\
      Logon ID:\t\t0x4499B0E0\r\n\r\nObject:\r\n\tObject Server:\tSecurity\r\n\tObject\
      \ Type:\tFile\r\n\tObject Name:\tC:\\Users\\rzombie\\Downloads\r\n\tHandle ID:\t\
      0xa38\r\n\r\nProcess Information:\r\n\tProcess ID:\t0x131c\r\n\tProcess Name:\t\
      C:\\Windows\\explorer.exe\r\n\r\nResource Attributes:\r\n\tOriginal Security\
      \ Descriptor:\t\r\n\tNew Security Descriptor:\t\tS:ARAI(RA;OICIIO;;;;WD;(\"\
      IMAGELOAD\",TU,0x0,1))"
  - index: wineventlog
    sourcetype: WinEventLog
    source: WinEventLog:Security
    host: ACME-DC02
    _raw: "04/01/2022 01:53:14 PM\nLogName=Security\nEventCode=5447\nEventType=0\n\
      ComputerName=acme-dc02.acme.local\nSourceName=Microsoft Windows security\
      \ auditing.\nType=Information\nRecordNumber=4265932\nKeywords=Audit Success\n\
      TaskCategory=Other Policy Change Events\nOpCode=Info\nMessage=A Windows Filtering\
      \ Platform filter has been changed.\r\n\t\r\nSubject:\r\n\tSecurity ID:\t\t\
      NT AUTHORITY\\LOCAL SERVICE\r\n\tAccount Name:\t\tNT AUTHORITY\\LOCAL SERVICE\r\
      \n\r\nProcess Information:\r\n\tProcess ID:\t1248\r\n\r\nProvider Information:\r\
      \n\tID:\t\t{4b153735-1049-4480-aab4-d1b9bdc03710}\r\n\tName:\t\tMicrosoft Corporation\r\
      \n\r\nChange Information:\r\n\tChange Type:\tDelete\r\n\r\nFilter Information:\r\
      \n\tID:\t\t{99f1d27d-62cb-4865-801a-8172dea2fc27}\r\n\tName:\t\tInternetClient\
      \ Default Rule\r\n\tType:\t\tNot persistent\r\n\tRun-Time ID:\t68382\r\n\r\n\
      Layer Information:\r\n\tID:\t\t{4a72393b-319f-44bc-84c3-ba54dcb3b6b4}\r\n\t\
      Name:\t\tALE Connect v6 Layer\r\n\tRun-Time ID:\t50\r\n\r\nCallout Information:\r\
      \n\tID:\t\t{00000000-0000-0000-0000-000000000000}\r\n\tName:\t\t-\r\n\r\nAdditional\
      \ Information:\r\n\tWeight:\t206158438272\t\r\n\tConditions:\t\n\tCondition\
      \ ID:\t{71bc78fa-f17c-4997-a602-6abb261f351c}\n\tMatch value:\tNot equal to\n\
      \tCondition value:\t-\n\n\tCondition ID:\t{b235ae9a-1d64-49b8-a44c-5ff3d9095045}\n\
      \tMatch value:\tIn range\n\tCondition value:\t00000000000000000000000000000000\
      \ - ffffffffffffffffffffffffffffffff\n\n\tCondition ID:\t{46ea1551-2255-492b-8019-aabeee349f40}\n\
      \tMatch value:\tEqual to\n\tCondition value:\t0x00000003\n\n\tCondition ID:\t\
      {ab3033c9-c0e3-4759-937d-5758c65d4ae3}\n\tMatch value:\tEqual to\n\tCondition\
      \ value:\t0x00000003\n\n\tCondition ID:\t{af043a0a-b34d-4f86-979c-c90371af6e66}\n\
      \tMatch value:\tEqual to\n\tCondition value:\t\nO:LSD:(A;;CC;;;S-1-15-3-1)(A;;CC;;;WD)(A;;CC;;;AN)\n\
      \n\r\n\tFilter Action:\tPermit"
  - index: wineventlog
    sourcetype: WinEventLog
    source: WinEventLog:Security
    host: ACME-DC02
    _raw: '04/01/2022 01:53:14 PM

      LogName=Security

      EventCode=4954

      EventType=0

      ComputerName=acme-dc02.acme.local

      SourceName=Microsoft Windows security auditing.

      Type=Information

      RecordNumber=4265900

      Keywords=Audit Success

      TaskCategory=MPSSVC Rule-Level Policy Change

      OpCode=Info

      Message=Group Policy settings for Windows Firewall were changed, and the new
      settings were applied.'
  - index: wineventlog
    sourcetype: WinEventLog
    source: WinEventLog:System
    host: ACME-DC02
    _raw: '04/01/2022 01:53:14 PM

      LogName=System

      EventCode=1502

      EventType=4

      ComputerName=acme-dc02.acme.local

      User=NOT_TRANSLATED

      Sid=S-1-5-18

      SidType=0

      SourceName=Microsoft-Windows-GroupPolicy

      Type=Information

      RecordNumber=97623

      Keywords=None

      TaskCategory=None

      OpCode=Start

      Message=The Group Policy settings for the computer were processed successfully.
      New settings from 3 Group Policy objects were detected and applied.'
  - index: wineventlog
    sourcetype: WinEventLog
    source: WinEventLog:Security
    host: ACME-DC02
    _raw: "04/01/2022 01:53:14 PM\nLogName=Security\nEventCode=6144\nEventType=0\n\
      ComputerName=acme-dc02.acme.local\nSourceName=Microsoft Windows security\
      \ auditing.\nType=Information\nRecordNumber=4265853\nKeywords=Audit Success\n\
      TaskCategory=Other Policy Change Events\nOpCode=Info\nMessage=Security policy\
      \ in the group policy objects has been applied successfully. \r\n\r\nReturn\
      \ Code:\t0\r\n\r\nGPO List:\r\n{6AC1786C-016F-11D2-945F-00C04fB984F9}\tDefault\
      \ Domain Controllers Policy\n{31B2F340-016D-11D2-945F-00C04FB984F9}\tDefault\
      \ Domain Policy\n{A2F24A9F-A822-49E5-B229-6F093F4A7E93}\tacme-all-it"
  - index: wineventlog
    sourcetype: WinEventLog
    source: WinEventLog:Security
    host: ACME-DC02
    _raw: "04/01/2022 01:53:14 PM\nLogName=Security\nEventCode=4719\nEventType=0\n\
      ComputerName=acme-dc02.acme.local\nSourceName=Microsoft Windows security\
      \ auditing.\nType=Information\nRecordNumber=4265852\nKeywords=Audit Success\n\
      TaskCategory=Audit Policy Change\nOpCode=Info\nMessage=System audit policy was\
      \ changed.\r\n\r\nSubject:\r\n\tSecurity ID:\t\tNT AUTHORITY\\SYSTEM\r\n\tAccount\
      \ Name:\t\tACME-DC02$\r\n\tAccount Domain:\t\tSTSHIRTCO\r\n\tLogon ID:\t\t0x3E7\r\
      \n\r\nAudit Policy Change:\r\n\tCategory:\t\tAccount Logon\r\n\tSubcategory:\t\
      \tKerberos Authentication Service\r\n\tSubcategory GUID:\t{0cce9242-69ae-11d9-bed3-505054503030}\r\
      \n\tChanges:\t\tFailure added"
  - index: wineventlog
    sourcetype: WinEventLog
    source: WinEventLog:Directory Service
    host: ACME-DC01
    _raw: '04/01/2022 01:51:01 PM

      LogName=Directory Service

      EventCode=1162

      EventType=4

      ComputerName=acme-dc01.acme.local

      User=NOT_TRANSLATED

      Sid=S-1-5-7

      SidType=0

      SourceName=Microsoft-Windows-ActiveDirectory_DomainService

      Type=Information

      RecordNumber=5681

      Keywords=Classic

      TaskCategory=Internal Processing

      OpCode=The operation completed successfully.

      Message=Internal event: The Address Book hierarchy table has been rebuilt.'
  - index: wineventlog
    sourcetype: WinEventLog
    source: WinEventLog:Directory Service
    host: ACME-DC01
    _raw: "04/01/2022 01:51:01 PM\nLogName=Directory Service\nEventCode=2887\nEventType=3\n\
      ComputerName=acme-dc01.acme.local\nUser=NOT_TRANSLATED\nSid=S-1-5-7\nSidType=0\n\
      SourceName=Microsoft-Windows-ActiveDirectory_DomainService\nType=Warning\nRecordNumber=5680\n\
      Keywords=Classic\nTaskCategory=LDAP Interface\nOpCode=The operation completed\
      \ successfully.\nMessage=\r\nDuring the previous 24 hour period, some clients\
      \ attempted to perform LDAP binds that were either: \r\n(1) A SASL (Negotiate,\
      \ Kerberos, NTLM, or Digest) LDAP bind that did not request signing (integrity\
      \ validation), or \r\n(2) A LDAP simple bind that was performed on a clear text\
      \ (non-SSL/TLS-encrypted) connection \r\n \r\nThis directory server is not currently\
      \ configured to reject such binds.  The security of this directory server can\
      \ be significantly enhanced by configuring the server to reject such binds.\
      \  For more details and information on how to make this configuration change\
      \ to the server, please see http://go.microsoft.com/fwlink/?LinkID=87923. \r\
      \n \r\nSummary information on the number of these binds received within the\
      \ past 24 hours is below. \r\n \r\nYou can enable additional logging to log\
      \ an event each time a client makes such a bind, including information on which\
      \ client made the bind.  To do so, please raise the setting for the \"LDAP Interface\
      \ Events\" event logging category to level 2 or higher. \r\n \r\nNumber of simple\
      \ binds performed without SSL/TLS: 74 \r\nNumber of Negotiate/Kerberos/NTLM/Digest\
      \ binds performed without signing: 0"
  - index: wineventlog
    sourcetype: WinEventLog
    source: WinEventLog:Directory Service
    host: ACME-DC01
    _raw: "04/01/2022 01:51:01 PM\nLogName=Directory Service\nEventCode=3041\nEventType=3\n\
      ComputerName=acme-dc01.acme.local\nUser=NOT_TRANSLATED\nSid=S-1-5-7\nSidType=0\n\
      SourceName=Microsoft-Windows-ActiveDirectory_DomainService\nType=Warning\nRecordNumber=5679\n\
      Keywords=Classic\nTaskCategory=LDAP Interface\nOpCode=The operation completed\
      \ successfully.\nMessage=The security of this directory server can be significantly\
      \ enhanced by configuring the server to enforce  validation of Channel Binding\
      \ Tokens received in LDAP bind requests sent over LDAPS connections. Even if\
      \  no clients are issuing LDAP bind requests over LDAPS, configuring the server\
      \ to validate Channel Binding  Tokens will improve the security of this server.\
      \ \r\n \r\nFor more details and information on how to make this configuration\
      \ change to the server, please see https://go.microsoft.com/fwlink/?linkid=2102405."
  - index: wineventlog
    sourcetype: WinEventLog
    source: WinEventLog:Security
    host: ACME-DC01
    _raw: "04/01/2022 01:49:17 PM\nLogName=Security\nEventCode=4662\nEventType=0\n\
      ComputerName=acme-dc01.acme.local\nSourceName=Microsoft Windows security\
      \ auditing.\nType=Information\nRecordNumber=4087953\nKeywords=Audit Success\n\
      TaskCategory=Directory Service Access\nOpCode=Info\nMessage=An operation was\
      \ performed on an object.\r\n\r\nSubject :\r\n\tSecurity ID:\t\tSTSHIRTCO\\\
      jeffw\r\n\tAccount Name:\t\tjeffw\r\n\tAccount Domain:\t\tSTSHIRTCO\r\n\tLogon\
      \ ID:\t\t0x3BC8DE65\r\n\r\nObject:\r\n\tObject Server:\t\tDS\r\n\tObject Type:\t\
      \tgroupPolicyContainer\n\tObject Name:\t\tCN={A2F24A9F-A822-49E5-B229-6F093F4A7E93}CN=Policies,CN=System,DC=acme,DC=local\n\
      \tHandle ID:\t\t0x0\r\n\r\nOperation:\r\n\tOperation Type:\t\tObject Access\r\
      \n\tAccesses:\t\tWrite Property\r\n\t\t\t\t\r\n\tAccess Mask:\t\t0x20\r\n\t\
      Properties:\t\tWrite Property\r\n\t\tDefault Property Set\n\t\t\tversionNumber\n\
      \tgroupPolicyContainer\n\r\n\r\nAdditional Information:\r\n\tParameter 1:\t\t\
      -\r\n\tParameter 2:"
  - index: wineventlog
    sourcetype: WinEventLog
    source: WinEventLog:Security
    host: ACME-DC01
    _raw: "04/01/2022 01:48:15 PM\nLogName=Security\nEventCode=5448\nEventType=0\n\
      ComputerName=acme-dc01.acme.local\nSourceName=Microsoft Windows security\
      \ auditing.\nType=Information\nRecordNumber=4087761\nKeywords=Audit Success\n\
      TaskCategory=Filtering Platform Policy Change\nOpCode=Info\nMessage=A Windows\
      \ Filtering Platform provider has been changed.\r\n\t\r\nSubject:\r\n\tSecurity\
      \ ID:\t\tNT AUTHORITY\\SYSTEM\r\n\tAccount Name:\t\tNT AUTHORITY\\SYSTEM\r\n\
      \r\nProcess Information:\r\n\tProcess ID:\t4\r\n\r\nChange Information:\r\n\t\
      Change Type:\tAdd\r\n\r\nProvider Information:\r\n\tID:\t\t{b1afce13-b89a-4ef0-bbaa-245caee048fa}\r\
      \n\tName:\t\tSplunk, Inc.\r\n\tType:\t\tNot persistent"
  - index: wineventlog
    sourcetype: WinEventLog
    source: WinEventLog:Security
    host: ACME-DC01
    _raw: "04/01/2022 01:48:15 PM\nLogName=Security\nEventCode=5450\nEventType=0\n\
      ComputerName=acme-dc01.acme.local\nSourceName=Microsoft Windows security\
      \ auditing.\nType=Information\nRecordNumber=4087760\nKeywords=Audit Success\n\
      TaskCategory=Filtering Platform Policy Change\nOpCode=Info\nMessage=A Windows\
      \ Filtering Platform sub-layer has been changed.\r\n\t\r\nSubject:\r\n\tSecurity\
      \ ID:\t\tNT AUTHORITY\\SYSTEM\r\n\tAccount Name:\t\tNT AUTHORITY\\SYSTEM\r\n\
      \r\nProcess Information:\r\n\tProcess ID:\t4\r\n\r\nProvider Information:\r\n\
      \tProvider ID:\t{00000000-0000-0000-0000-000000000000}\r\n\tProvider Name:\t\
      -\r\n\r\nChange Information:\r\n\tChange Type:\tAdd\r\n\r\nSub-layer Information:\r\
      \n\tSub-layer ID:\t{2e207682-d95f-4525-b966-969f26587f03}\r\n\tSub-layer Name:\t\
      Transport Inspect Sub-Layer\r\n\tSub-layer Type:\tNot persistent\r\n\r\nAdditional\
      \ Information:\r\n\tWeight:\t5"
  - index: wineventlog
    sourcetype: WinEventLog
    source: WinEventLog:Security
    host: ACME-DC01
    _raw: "04/01/2022 01:48:15 PM\nLogName=Security\nEventCode=5446\nEventType=0\n\
      ComputerName=acme-dc01.acme.local\nSourceName=Microsoft Windows security\
      \ auditing.\nType=Information\nRecordNumber=4087759\nKeywords=Audit Success\n\
      TaskCategory=Filtering Platform Policy Change\nOpCode=Info\nMessage=A Windows\
      \ Filtering Platform callout has been changed.\r\n\t\r\nSubject:\r\n\tSecurity\
      \ ID:\t\tNT AUTHORITY\\SYSTEM\r\n\tAccount Name:\t\tNT AUTHORITY\\SYSTEM\r\n\
      \r\nProcess Information:\r\n\tProcess ID:\t4\r\n\r\nProvider Information:\r\n\
      \tID:\t\t{00000000-0000-0000-0000-000000000000}\r\n\tName:\t\t-\r\n\r\nChange\
      \ Information:\r\n\tChange Type:\tAdd\r\n\r\nCallout Information:\r\n\tID:\t\
      \t{6d126434-ed67-4285-925c-cb29282e0e06}\r\n\tName:\t\tTransport Inspect Callout\r\
      \n\tType:\t\tNot persistent\r\n\tRun-Time ID:\t297\r\n\r\nLayer Information:\r\
      \n\tID:\t\t{634a869f-fc23-4b90-b0c1-bf620a36ae6f}\r\n\tName:\t\tInbound Transport\
      \ v6 Layer\r\n\tRun-Time ID:\t14"
  - index: wineventlog
    sourcetype: WinEventLog
    source: WinEventLog:Application
    host: ACME-DC01
    _raw: "04/01/2022 01:28:20 PM\nLogName=Application\nEventCode=1000\nEventType=2\n\
      ComputerName=acme-dc01.acme.local\nSourceName=Application Error\nType=Error\n\
      RecordNumber=11490\nKeywords=Classic\nTaskCategory=Application Crashing Events\n\
      OpCode=Info\nMessage=Faulting application name: splunk-perfmon.exe, version:\
      \ 2050.1024.25018.25489, time stamp: 0x61ba65e0\r\nFaulting module name: splunk-perfmon.exe,\
      \ version: 2050.1024.25018.25489, time stamp: 0x61ba65e0\r\nException code:\
      \ 0xc0000005\r\nFault offset: 0x00000000006e37cf\r\nFaulting process id: 0x814\r\
      \nFaulting application start time: 0x01d845e80830c5cb\r\nFaulting application\
      \ path: C:\\Program Files\\SplunkUniversalForwarder\\bin\\splunk-perfmon.exe\r\
      \nFaulting module path: C:\\Program Files\\SplunkUniversalForwarder\\bin\\splunk-perfmon.exe\r\
      \nReport Id: eff97ba8-683b-4bff-abec-f081df269117\r\nFaulting package full name:\
      \ \r\nFaulting package-relative application ID:"
  - index: wineventlog
    sourcetype: WinEventLog
    source: WinEventLog:Application
    host: ACME-DC01
    _raw: '04/01/2022 01:26:51 PM

      LogName=Application

      EventCode=4097

      EventType=4

      ComputerName=acme-dc01.acme.local

      SourceName=Microsoft-Windows-CAPI2

      Type=Information

      RecordNumber=11489

      Keywords=Classic

      TaskCategory=None

      OpCode=Info

      Message=Successful auto update of third-party root certificate:: Subject: <CN=ISRG
      Root X1, O=Internet Security Research Group, C=US> Sha1 thumbprint: <CABD2A79A1076A31F21D253635CB039D4329A5E8>.'
  - index: wineventlog
    sourcetype: WinEventLog
    source: WinEventLog:DNS Server
    host: ACME-DC02
    _raw: '04/01/2022 01:24:52 PM

      LogName=DNS Server

      EventCode=5502

      EventType=4

      ComputerName=acme-dc02.acme.local

      User=NOT_TRANSLATED

      Sid=S-1-5-18

      SidType=0

      SourceName=Microsoft-Windows-DNS-Server-Service

      Type=Information

      RecordNumber=435

      Keywords=None

      TaskCategory=None

      OpCode=Info

      Message=The DNS server received a bad TCP-based DNS message from 192.241.223.243.  The
      packet was rejected or ignored. The event data contains the DNS packet.'
  - index: wineventlog
    sourcetype: WinEventLog
    source: WinEventLog:Security
    host: ACME-DC02
    _raw: "04/01/2022 01:21:30 PM\nLogName=Security\nEventCode=4770\nEventType=0\n\
      ComputerName=acme-dc02.acme.local\nSourceName=Microsoft Windows security\
      \ auditing.\nType=Information\nRecordNumber=4264297\nKeywords=Audit Success\n\
      TaskCategory=Kerberos Service Ticket Operations\nOpCode=Info\nMessage=A Kerberos\
      \ service ticket was renewed.\r\n\r\nAccount Information:\r\n\tAccount Name:\t\
      \tACME-DC02$@STSHIRTCO.LOCAL\r\n\tAccount Domain:\t\tSTSHIRTCO.LOCAL\r\n\r\n\
      Service Information:\r\n\tService Name:\t\tkrbtgt\r\n\tService ID:\t\tSTSHIRTCO\\\
      krbtgt\r\n\r\nNetwork Information:\r\n\tClient Address:\t\t::1\r\n\tClient Port:\t\
      \t0\r\n\r\nAdditional Information:\r\n\tTicket Options:\t\t0x10002\r\n\tTicket\
      \ Encryption Type:\t0x12\r\n\r\nTicket options and encryption types are defined\
      \ in RFC 4120."
  - index: wineventlog
    sourcetype: WinEventLog
    source: WinEventLog:Security
    host: ACME-DC01
    _raw: "04/01/2022 01:02:50 PM\nLogName=Security\nEventCode=4741\nEventType=0\n\
      ComputerName=acme-dc01.acme.local\nSourceName=Microsoft Windows security\
      \ auditing.\nType=Information\nRecordNumber=4082613\nKeywords=Audit Success\n\
      TaskCategory=Computer Account Management\nOpCode=Info\nMessage=A computer account\
      \ was created.\r\n\r\nSubject:\r\n\tSecurity ID:\t\tSTSHIRTCO\\jeffw\r\n\tAccount\
      \ Name:\t\tjeffw\r\n\tAccount Domain:\t\tSTSHIRTCO\r\n\tLogon ID:\t\t0x3BC8DE65\r\
      \n\r\nNew Computer Account:\r\n\tSecurity ID:\t\tSTSHIRTCO\\ACME-COMPUTER-1$\r\
      \n\tAccount Name:\t\tACME-COMPUTER-1$\r\n\tAccount Domain:\t\tSTSHIRTCO\r\n\r\
      \nAttributes:\r\n\tSAM Account Name:\tACME-COMPUTER-1$\r\n\tDisplay Name:\t\t\
      -\r\n\tUser Principal Name:\t-\r\n\tHome Directory:\t\t-\r\n\tHome Drive:\t\t\
      -\r\n\tScript Path:\t\t-\r\n\tProfile Path:\t\t-\r\n\tUser Workstations:\t-\r\
      \n\tPassword Last Set:\t<never>\r\n\tAccount Expires:\t\t<never>\r\n\tPrimary\
      \ Group ID:\t515\r\n\tAllowedToDelegateTo:\t-\r\n\tOld UAC Value:\t\t0x0\r\n\
      \tNew UAC Value:\t\t0x85\r\n\tUser Account Control:\t\r\n\t\tAccount Disabled\r\
      \n\t\t'Password Not Required' - Enabled\r\n\t\t'Workstation Trust Account' -\
      \ Enabled\r\n\tUser Parameters:\t-\r\n\tSID History:\t\t-\r\n\tLogon Hours:\t\
      \t<value not set>\r\n\tDNS Host Name:\t\t-\r\n\tService Principal Names:\t-\r\
      \n\r\nAdditional Information:\r\n\tPrivileges\t\t-"
  - index: wineventlog
    sourcetype: WinEventLog
    source: WinEventLog:System
    host: ACME-DC02-CHILD
    _raw: '04/01/2022 12:21:30 PM

      LogName=System

      EventCode=7040

      EventType=4

      ComputerName=acme-dc02-child.childdomain.acme.local

      User=NOT_TRANSLATED

      Sid=S-1-5-18

      SidType=0

      SourceName=Microsoft-Windows-Service Control Manager

      Type=Information

      RecordNumber=89946

      Keywords=Classic

      TaskCategory=None

      OpCode=The operation completed successfully.

      Message=The start type of the Windows Modules Installer service was changed
      from auto start to demand start.'
  - index: wineventlog
    sourcetype: WinEventLog
    source: WinEventLog:System
    host: ACME-DC02
    _raw: '04/01/2022 12:00:05 PM

      LogName=System

      EventCode=6013

      EventType=4

      ComputerName=acme-dc02.acme.local

      SourceName=EventLog

      Type=Information

      RecordNumber=97530

      Keywords=Classic

      TaskCategory=None

      OpCode=None

      Message=The system uptime is 2406318 seconds.'
  - index: wineventlog
    sourcetype: WinEventLog
    source: WinEventLog:Security
    host: ACME-DC01
    _raw: "04/01/2022 11:59:03 AM\nLogName=Security\nEventCode=4725\nEventType=0\n\
      ComputerName=acme-dc01.acme.local\nSourceName=Microsoft Windows security\
      \ auditing.\nType=Information\nRecordNumber=4075457\nKeywords=Audit Success\n\
      TaskCategory=User Account Management\nOpCode=Info\nMessage=A user account was\
      \ disabled.\r\n\r\nSubject:\r\n\tSecurity ID:\t\tSTSHIRTCO\\jeffw\r\n\tAccount\
      \ Name:\t\tjeffw\r\n\tAccount Domain:\t\tSTSHIRTCO\r\n\tLogon ID:\t\t0x3BC8DE65\r\
      \n\r\nTarget Account:\r\n\tSecurity ID:\t\tSTSHIRTCO\\rzombie\r\n\tAccount Name:\t\
      \trzombie\r\n\tAccount Domain:\t\tSTSHIRTCO"
  - index: wineventlog
    sourcetype: WinEventLog
    source: WinEventLog:Security
    host: ACME-DC01
    _raw: "04/01/2022 11:57:41 AM\nLogName=Security\nEventCode=4727\nEventType=0\n\
      ComputerName=acme-dc01.acme.local\nSourceName=Microsoft Windows security\
      \ auditing.\nType=Information\nRecordNumber=4075361\nKeywords=Audit Success\n\
      TaskCategory=Security Group Management\nOpCode=Info\nMessage=A security-enabled\
      \ global group was created.\r\n\r\nSubject:\r\n\tSecurity ID:\t\tSTSHIRTCO\\\
      jeffw\r\n\tAccount Name:\t\tjeffw\r\n\tAccount Domain:\t\tSTSHIRTCO\r\n\tLogon\
      \ ID:\t\t0x3BC8DE65\r\n\r\nNew Group:\r\n\tSecurity ID:\t\tSTSHIRTCO\\acme-all-it\r\
      \n\tGroup Name:\t\tacme-all-it\r\n\tGroup Domain:\t\tSTSHIRTCO\r\n\r\nAttributes:\r\
      \n\tSAM Account Name:\tacme-all-it\r\n\tSID History:\t\t-\r\n\r\nAdditional\
      \ Information:\r\n\tPrivileges:\t\t-"
